tests/cpp-empty-test/proj.android-studio/app/build/outputs/logs/manifest-merger-debug-report.txt
-- Merging decision tree log ---
manifest
ADDED from proj.android-studio/app/AndroidManifest.xml:2:1-31:12
	package
		ADDED from proj.android-studio/app/AndroidManifest.xml:3:5-42
		INJECTED from proj.android-studio/app/AndroidManifest.xml
		INJECTED from proj.android-studio/app/AndroidManifest.xml
	android:versionName
		INJECTED from proj.android-studio/app/AndroidManifest.xml
		INJECTED from proj.android-studio/app/AndroidManifest.xml
	xmlns:android
		ADDED from proj.android-studio/app/AndroidManifest.xml:2:11-69
	android:versionCode
		INJECTED from proj.android-studio/app/AndroidManifest.xml
		INJECTED from proj.android-studio/app/AndroidManifest.xml
	android:installLocation
		ADDED from proj.android-studio/app/AndroidManifest.xml:4:5-35
uses-feature#0x00020000
ADDED from proj.android-studio/app/AndroidManifest.xml:6:5-54
	android:glEsVersion
		ADDED from proj.android-studio/app/AndroidManifest.xml:6:19-51
application
ADDED from proj.android-studio/app/AndroidManifest.xml:8:5-29:19
MERGED from [proj.android-studio:libcocos2dx:unspecified] AndroidManifest.xml:11:5-12:19
	android:label
		ADDED from proj.android-studio/app/AndroidManifest.xml:9:9-41
	android:allowBackup
		ADDED from proj.android-studio/app/AndroidManifest.xml:10:9-35
	android:icon
		ADDED from proj.android-studio/app/AndroidManifest.xml:11:9-43
meta-data#android.app.lib_name
ADDED from proj.android-studio/app/AndroidManifest.xml:14:3-15:41
	android:value
		ADDED from proj.android-studio/app/AndroidManifest.xml:15:8-38
	android:name
		ADDED from proj.android-studio/app/AndroidManifest.xml:14:14-49
activity#org.cocos2dx.cpp_empty_test.AppActivity
ADDED from proj.android-studio/app/AndroidManifest.xml:17:9-28:20
	android:screenOrientation
		ADDED from proj.android-studio/app/AndroidManifest.xml:19:13-50
	android:label
		ADDED from proj.android-studio/app/AndroidManifest.xml:21:13-45
	android:configChanges
		ADDED from proj.android-studio/app/AndroidManifest.xml:20:13-74
	android:theme
		ADDED from proj.android-studio/app/AndroidManifest.xml:22:13-71
	android:name
		ADDED from proj.android-studio/app/AndroidManifest.xml:18:13-40
intent-filter#android.intent.action.MAIN+android.intent.category.LAUNCHER
ADDED from proj.android-studio/app/AndroidManifest.xml:23:13-27:29
action#android.intent.action.MAIN
ADDED from proj.android-studio/app/AndroidManifest.xml:24:17-69
	android:name
		ADDED from proj.android-studio/app/AndroidManifest.xml:24:25-66
category#android.intent.category.LAUNCHER
ADDED from proj.android-studio/app/AndroidManifest.xml:26:17-77
	android:name
		ADDED from proj.android-studio/app/AndroidManifest.xml:26:27-74
uses-sdk
INJECTED from proj.android-studio/app/AndroidManifest.xml reason: use-sdk injection requested
MERGED from [proj.android-studio:libcocos2dx:unspecified] AndroidManifest.xml:7:5-9:41
	android:targetSdkVersion
		INJECTED from proj.android-studio/app/AndroidManifest.xml
		INJECTED from proj.android-studio/app/AndroidManifest.xml
	android:minSdkVersion
		INJECTED from proj.android-studio/app/AndroidManifest.xml
		INJECTED from proj.android-studio/app/AndroidManifest.xml